bdtg.37wanyy.net
down.qxiazai.com
www.dacxzx.com
2013wm.com
www.shexp.net
www.vzi08.com
www.xiehaijun.com
www.yiming-pc.com
www.521zj.net
alikunlun.com
www.955589.com
tanwanmao.com.w
aries.m.alikunlun
www.tanwanmao.com
wushuang.taojiba.com
957fan.com
360.718pk.com
111.ga001.com
pp.hgyj168.com
176.5139d.com
www.ucwawa.com
www.weixian369.com
wwmd.9won.net
www.tuhaoly.com
www.mcncc.com
www.jba2009.com
lb.gxnafu.com
ujm.bpc87.com
www.kiss80.com
www.xixig8.com
www.dongdongwg.com
www.0757it.com
95.sp133.com
www.jiaohe168.com
71.appledaily.com
qingchun.957fan.com
buyimir2.com
www.27daili.com
www.xixiwg.com
cr173.com
zsg8.com
new.yxwyy.com
6611hh.com
www.6622hh.com
h6gu.com
52vim.com
www.xaqsjc.com
www.860kan.com
dlq.hjd800.com
www.ny2345.com
www.xi8.com
www.8456.com
www.lfg666.com
wd7777.com
www.55833.com
www.66155.com
967.com
api-token.popvote.hk
www.hxajh.com
77777k.com
www.5113pk.com
8080.800hy.com
www.tmcq180.com
76.523e.net
lb.yaomami.com
lb.cpa600.com
www.192cq.com
www.92syh.com
kkk.dz1938.com
www.765uc.com
www.sf120.com
chinacache.net
gosky.chinacache.net
n876.com.flycdn.com
www.ccxxjc.cn
lyyl888.com
www.sapdemo.org
a3.czjrf.com
ncxsk.com
www.456sscc.com
ww.sb0077.com
52vim.com
p57.kue21.com
www.sb00
www.jianfeitea.hk
www.zzjingshi.com
qingdaozhaoqian.com
www.bmw11.com
www.bmw567.com
www.73222.com
www.bm333.com
www.bmw4444.com
www.qianyaso.net
www.11222.com
www.ssccc.cn
www.38.com
www.sf679.com
www.7098.com
www.qe120.com
ss195.com
ttt.xmxwx.com
sf679.sf277.com
www.52haof.com
www.kuangxiang2011.com
www.aipk777.com
www.ahjiayu.com
www.eufs589.com
wwv.500sf.com
wwv.55uc.com.cn
b4429272dbfb49ce.dnspao.com
www.pckc.net
www.gwxp.net
www.nendt.cn
www.wqtty.cn
www.uc97.com
www.150ss.com
www.973pk.com
wwee.com
www.ouke9.com
www.fzsweb.com
www.game188.com
www.71dz.com
hh.cc
www.57145.com
www.uc488.com
www.game918.com
st116.com
update-sl.shentuol.com
www.randysocks.com
sb54v.ozx50545052.ga
op98k.zhuhuanhuanba.cn
www.yrwm.net
www.xiangfeiyazhu.cn
www.hermessteel.net
www.zuistones.com
www.bocch.com
www.gaokongzulin.com
www.zbyitian.com
www.dznw.net
www.33ok.com
042.fangyu03.com
789wg.330ok.com
180heji.ge3x.com
www.mtw588.com
www.158mkw.com
www.wfgj18.com
newboin.com
www.booooing.com
wuyangairsoft.com
www1.ly176.com
www.jd1258.com
lhy176.pksf08.com
www.lhy176.com
www.lpp176.com
dns1l1.com
dnsl1l.com
pay1.pay1.cn
g69kf.yqxytl.com
wuyangairsoft.com
www.500sf.com
xiaosan2.51caiyi.com
177.963396.com
80pk.80il.com
978sf1111.ewc668.com
vip.mia0pay.net
www.998877hj.com
web.pay1.net
www.siluke.com
web.pay1.cn
www.23hh.com
www.23us.com
wuyangairsoft.com
www.biquge.com
bbb.yr3718.com
520777sf.com
lb.hongda1688.com
www.5112114.com
www.tzhxxl.com
gamelist.oss-cn-qingdao.aliyuncs.com
www.isosf.com
www.quanben.com
999.86min.com
sports.jc0431.com
vip.86min.com
www.uc5200.com
69kf.taghmp.com
www.love2080.com
gg88.470gg.com
gg88.458gg.com
gg88.551gg.com
www.5478pk.com
www.sf-45.com
978sf1111.ddrssm.com
978sf1111.ewc668.com
xx77.jncycc.com
bbb.jnynf.com
978sf1111.dtdkr.com
www.yxsfwg.com
www.chinaskin.org
www.sansl.com.cn
bbb.jnynf.com
www.chinaskin.cn
www.chinaskin.net
www.hao9458.com
www.had1314.com
www.bw176.com
www.cc176.com
www.zongzi0898.com
www.skcq.net
www.lcjba.com
www.skcq.net
www.422ko.com
www.ct176.com
www.dt176.com
www.pao176.com
www.love303.com
heblq.com
hfg.sf117.com
567uu.com
567uu.jdgaj.com
sf.liehoo.net
www2.aws520.com
2013nian.999.net.ru
vip1.tg180.com
jdlcq.com
www1.aws520.com
www1.059sem.com
888.he09.com
www.jd176.com
m2bd.pw
72sm.com
gotocdn.com
www.176dd.com
www.8885ok.com
www.bw176.com
www.9aq.com
www.xin2003.com
ww.99ting.com
www.betboy.cc
www.wn176.com
www.chuansf-1.com
www.yzrjy.com
www.0769cg.com
dlq1.9aq.com
www.furen88.net
www.xtj123.com
www.365ddos.cn
567uu.zysbwb.com
567uu.fubo-edu.com
567uu.sz-xldrhy.com
81ypf.com
303aaa.com
515kkk.com
24ribi.com
202aaa.com
909kkk.com
2kkx.com
www.chinahjfu.com
www.cd519.com
www.hcq180.com
www.bdaudi.com
www.269sf.com
ww1.rq180.com
5kkx.com
3kkx.com
www.bdhope.com
www.83uc.cn
www.x7ok.com
56bj56.com
lb.yg521.com
www.250hj.com
www.zc911.com
laoyou999.com
369df.com
www.83wy.com
www.6ksf.com
www.176gj.com
www.chuansf.com
2.0571video.com
www.sf123.com
ruyi.87145.com
www.775gg.com
vip1.6ee.com
www.321xy.com
991816.com
7afa.com
www.jc0633.com
www.sg500.com
www.525mk.com
www.haosf86.net
www.jh219.com
82hf.com
666hf.com
99wf.com
www.0538hj.com
www.ct0553.com
www.tangdefenghuang.com
www.0319pk.com
www.173pk.com
76yxw.com
www.kr5b.com
www.787ok.com
915hao.com
www.laosf180.com
xie139.com
513wt.com
51rebeng.com
wotebang.com
xhzssj.com
net0335.com
disshow.com
7s7ss.com
www.laocq180.com
www.jshgl.com
www.nnlrw.com
cdxgy.com
www.08ws.com
520sfyx.com
zgvqtnrc.ga
886pk.com
mm5ii.com
www.yw110.com
www.kx2014.com
fjhzw.com
www.cm0556.com
933fg.com
txj880.com
www.cn948.com
139hg.com
www.185jxcq.com
0769ff.com
yy698.com
www.amdxy.com
www.9000yx.com
www.195a.com
www.qtrlzy.com
liebiao.81ypf.com
www.jxoyjt.com.cn
www.321uc.com
cq0906.com
www.99s.org.cn
liebiao.139hg.com
liebiao.x6969.com
wb775d16.xxxsb.com
www.nh2345.com
biao1.3uf.cn
www.tianmaofu.com
www.0598wlw.com
dpcyc.com
90jiyi.com
www.youxi172.com
www.schxmvc.com
176.8u8a.com
222.zyw2006.com
www.yuerengu.com.cn
www.72play.com
www.tpa.net.cn
www.wwesf.com
www.11wan.com
www.ocgcn.com
www.sf97.net
www.dl26.com
in-red.com
wykz.go176.com
yuzili.com
dragon007.cn
lb.xtzxjc.com
90jiyi.com
www.678wz.com
www.808gg.com
www.od100.cn
dudusf.com
sky.logo001.net
www.hymir3.com
lb.ningmeng365.com
14r.56766888.com
333.x6969.com
118.dingtian288.com
xy.169go.com
www.zz85.com
user.net0319.com
www.jb176.com
www.zhaocqkf.com
wan.wyg888.com
net0319.com
www.haifeng999.com
www.bx139.com
qqq.28qz.com
.800fy.com
.52huaer.com
www.hbrdx.com
www.531jy.com
www.ht79.com
yy.zt003.com
www.yk65.com
blog.163.com
qqq.yw119.com
blog.sina.com.cn
www.hy176.com
d2.xrsgt.com
www.11kkpp.com
www.11hhaa.com
11ddff.com
sf1.54wawa.com
aaqqkk.com
lb1.665177.com
www.seohl.com
www.chailvxing.com
www.dytt8.net
www.256seo.com
www.172176.com
www.chinaruodian.com
www.buxjie.com
www.500sf.com
www.80good.com
www.04209.com
www.999igo.com
www.lxt998.com
777.365shopp.com
www.32645.com
www.uc088.com
80hl.kk151.com
www.uc711.com
www.bflm.cc
ini.egkj.com
dw.yefb.com
www.qiyue98.net
www.baidusf999.com
www.wzgjjt.com
xpiaopiao.com
www.bsrcsc.com
dlq.jinyu521.com
777.521wooolf.com
xin.lyaux.com
xin.jrfgy.com
a978sf1111.qiniudn.com

